27481@1581801009.357456:virtio_set_status vdev 0x5610718ca000 val 0
27481@1581801009.357478:virtio_mmio_setting_irq virtio_mmio setting IRQ 0
27481@1581801009.357677:virtio_set_status vdev 0x5610718ca000 val 0
27483@1581801009.358191:virtio_mmio_read virtio_mmio_read offset 0x0
27483@1581801009.358206:virtio_mmio_read virtio_mmio_read offset 0x4
27483@1581801009.358213:virtio_mmio_read virtio_mmio_read offset 0x8
27483@1581801009.358218:virtio_mmio_read virtio_mmio_read offset 0xc
27483@1581801009.358232:virtio_mmio_write_offset virtio_mmio_write offset 0x70 value 0x1
27483@1581801009.358235:virtio_set_status vdev 0x5610718ca000 val 1
27483@1581801009.358237:virtio_mmio_write_offset virtio_mmio_write offset 0x70 value 0x3
27483@1581801009.358239:virtio_set_status vdev 0x5610718ca000 val 3
27483@1581801009.358241:virtio_mmio_read virtio_mmio_read offset 0x10
27483@1581801009.358243:virtio_mmio_write_offset virtio_mmio_write offset 0x20 value 0x1006654
27483@1581801009.358245:virtio_mmio_write_offset virtio_mmio_write offset 0x70 value 0xb
27483@1581801009.358247:virtio_set_status vdev 0x5610718ca000 val 11
27483@1581801009.358249:virtio_mmio_write_offset virtio_mmio_write offset 0x70 value 0xf
27483@1581801009.358250:virtio_set_status vdev 0x5610718ca000 val 15
27483@1581801009.358253:virtio_mmio_write_offset virtio_mmio_write offset 0x28 value 0x1000
27483@1581801009.358254:virtio_mmio_guest_page guest page size 0x1000 shift 12
27483@1581801009.358257:virtio_mmio_write_offset virtio_mmio_write offset 0x30 value 0x0
27483@1581801009.358258:virtio_mmio_read virtio_mmio_read offset 0x34
27483@1581801009.358269:virtio_mmio_write_offset virtio_mmio_write offset 0x38 value 0x8
27483@1581801009.358271:virtio_mmio_queue_write mmio_queue write 0x8 max 1024
27483@1581801009.358297:virtio_mmio_write_offset virtio_mmio_write offset 0x40 value 0x80003
27483@1581801009.358377:virtio_mmio_write_offset virtio_mmio_write offset 0x50 value 0x0
27483@1581801009.358381:virtio_queue_notify vdev 0x5610718ca000 n 0 vq 0x7f1a6ccd4010
27483@1581801009.358388:virtqueue_alloc_element elem 0x7f1a6001f700 size 192 in_num 1 out_num 2
27483@1581801009.358390:virtqueue_pop vq 0x7f1a6ccd4010 elem 0x7f1a6001f700 in_num 1 out_num 2
27483@1581801009.358393:virtio_blk_handle_write vdev 0x5610718ca000 req 0x7f1a6001f700 sector 0 nsectors 2
27481@1581801009.358448:virtio_blk_rw_complete vdev 0x5610718ca000 req 0x7f1a6001f700 ret 0
27481@1581801009.358454:virtio_blk_req_complete vdev 0x5610718ca000 req 0x7f1a6001f700 status 0
27481@1581801009.358456:virtqueue_fill vq 0x7f1a6ccd4010 elem 0x7f1a6001f700 len 1 idx 0
27481@1581801009.358458:virtqueue_flush vq 0x7f1a6ccd4010 count 1
27481@1581801009.358460:virtio_notify vdev 0x5610718ca000 vq 0x7f1a6ccd4010
27481@1581801009.358463:virtio_mmio_setting_irq virtio_mmio setting IRQ 1
27483@1581801009.358543:virtio_mmio_write_offset virtio_mmio_write offset 0x50 value 0x0
27483@1581801009.358548:virtio_queue_notify vdev 0x5610718ca000 n 0 vq 0x7f1a6ccd4010
27483@1581801009.358552:virtqueue_alloc_element elem 0x7f1a6001f700 size 192 in_num 2 out_num 1
27483@1581801009.358554:virtqueue_pop vq 0x7f1a6ccd4010 elem 0x7f1a6001f700 in_num 2 out_num 1
27483@1581801009.358556:virtio_blk_handle_read vdev 0x5610718ca000 req 0x7f1a6001f700 sector 0 nsectors 2
27481@1581801009.358587:virtio_blk_rw_complete vdev 0x5610718ca000 req 0x7f1a6001f700 ret 0
27481@1581801009.358591:virtio_blk_req_complete vdev 0x5610718ca000 req 0x7f1a6001f700 status 0
27481@1581801009.358593:virtqueue_fill vq 0x7f1a6ccd4010 elem 0x7f1a6001f700 len 1025 idx 0
27481@1581801009.358595:virtqueue_flush vq 0x7f1a6ccd4010 count 1
27481@1581801009.358597:virtio_notify vdev 0x5610718ca000 vq 0x7f1a6ccd4010
27481@1581801009.358599:virtio_mmio_setting_irq virtio_mmio setting IRQ 1
